2019-03-05T16:20:51+01:00 error  : Error
    at Object.checkEvent (C:\Users\ptarnaud\gitlocal\hivent-events-api\src\business/ValidatorLBS.js:35:11)
    at Object.checkEvent (C:\Users\ptarnaud\gitlocal\hivent-events-api\src\business/EventsLBS.js:15:26)
    at tryCatch (C:\Users\ptarnaud\gitlocal\hivent-events-api\node_modules\regenerator-runtime\runtime.js:62:40)
    at Generator.invoke [as _invoke] (C:\Users\ptarnaud\gitlocal\hivent-events-api\node_modules\regenerator-runtime\runtime.js:288:22)
    at Generator.prototype.(anonymous function) [as next] (C:\Users\ptarnaud\gitlocal\hivent-events-api\node_modules\regenerator-runtime\runtime.js:114:21)
    at asyncGeneratorStep (C:\Users\ptarnaud\gitlocal\hivent-events-api\src\business\EventsLBS.js:14:103)
    at _next (C:\Users\ptarnaud\gitlocal\hivent-events-api\src\business\EventsLBS.js:16:194)
    at C:\Users\ptarnaud\gitlocal\hivent-events-api\src\business\EventsLBS.js:16:364
    at new Promise (<anonymous>)
    at Object.<anonymous> (C:\Users\ptarnaud\gitlocal\hivent-events-api\src\business\EventsLBS.js:16:97)
2019-03-05T16:23:13+01:00 error  : Error
    at Object.checkEvent (C:\Users\ptarnaud\gitlocal\hivent-events-api\src\business/ValidatorLBS.js:37:11)
    at Object.checkEvent (C:\Users\ptarnaud\gitlocal\hivent-events-api\src\business/EventsLBS.js:15:26)
    at tryCatch (C:\Users\ptarnaud\gitlocal\hivent-events-api\node_modules\regenerator-runtime\runtime.js:62:40)
    at Generator.invoke [as _invoke] (C:\Users\ptarnaud\gitlocal\hivent-events-api\node_modules\regenerator-runtime\runtime.js:288:22)
    at Generator.prototype.(anonymous function) [as next] (C:\Users\ptarnaud\gitlocal\hivent-events-api\node_modules\regenerator-runtime\runtime.js:114:21)
    at asyncGeneratorStep (C:\Users\ptarnaud\gitlocal\hivent-events-api\src\business\EventsLBS.js:14:103)
    at _next (C:\Users\ptarnaud\gitlocal\hivent-events-api\src\business\EventsLBS.js:16:194)
    at C:\Users\ptarnaud\gitlocal\hivent-events-api\src\business\EventsLBS.js:16:364
    at new Promise (<anonymous>)
    at Object.<anonymous> (C:\Users\ptarnaud\gitlocal\hivent-events-api\src\business\EventsLBS.js:16:97)
2019-03-05T16:43:06+01:00 error uncaughtException: listen EADDRINUSE: address already in use :::8080
Error: listen EADDRINUSE: address already in use :::8080
    at Server.setupListenHandle [as _listen2] (net.js:1290:14)
    at listenInCluster (net.js:1338:12)
    at Server.listen (net.js:1425:7)
    at Function.listen (C:\Users\ptarnaud\gitlocal\hivent-events-api\node_modules\express\lib\application.js:618:24)
    at Object.listen (C:\Users\ptarnaud\gitlocal\hivent-events-api/server.js:12:5)
    at Module._compile (internal/modules/cjs/loader.js:707:30)
    at Module._compile (C:\Users\ptarnaud\gitlocal\hivent-events-api\node_modules\pirates\lib\index.js:83:24)
    at Module._extensions..js (internal/modules/cjs/loader.js:718:10)
    at Object.newLoader [as .js] (C:\Users\ptarnaud\gitlocal\hivent-events-api\node_modules\pirates\lib\index.js:88:7)
    at Module.load (internal/modules/cjs/loader.js:605:32)
2019-03-05T16:43:34+01:00 error  : Error
    at Object.checkEvent (C:\Users\ptarnaud\gitlocal\hivent-events-api\src\business/ValidatorLBS.js:37:11)
    at Object.checkEvent (C:\Users\ptarnaud\gitlocal\hivent-events-api\src\business/EventsLBS.js:15:26)
    at tryCatch (C:\Users\ptarnaud\gitlocal\hivent-events-api\node_modules\regenerator-runtime\runtime.js:62:40)
    at Generator.invoke [as _invoke] (C:\Users\ptarnaud\gitlocal\hivent-events-api\node_modules\regenerator-runtime\runtime.js:288:22)
    at Generator.prototype.(anonymous function) [as next] (C:\Users\ptarnaud\gitlocal\hivent-events-api\node_modules\regenerator-runtime\runtime.js:114:21)
    at asyncGeneratorStep (C:\Users\ptarnaud\gitlocal\hivent-events-api\src\business\EventsLBS.js:14:103)
    at _next (C:\Users\ptarnaud\gitlocal\hivent-events-api\src\business\EventsLBS.js:16:194)
    at C:\Users\ptarnaud\gitlocal\hivent-events-api\src\business\EventsLBS.js:16:364
    at new Promise (<anonymous>)
    at Object.<anonymous> (C:\Users\ptarnaud\gitlocal\hivent-events-api\src\business\EventsLBS.js:16:97)
2019-03-05T16:47:58+01:00 error uncaughtException: Cannot create property 'Symbol(level)' on string 'http://localhost:8080'
TypeError: Cannot create property 'Symbol(level)' on string 'http://localhost:8080'
    at DerivedLogger.log (C:\Users\ptarnaud\gitlocal\hivent-events-api\node_modules\winston\lib\winston\logger.js:208:20)
    at Server.log (C:\Users\ptarnaud\gitlocal\hivent-events-api/server.js:15:10)
    at Object.onceWrapper (events.js:273:13)
    at Server.emit (events.js:182:13)
    at emitListeningNT (net.js:1324:10)
    at internalTickCallback (internal/process/next_tick.js:72:19)
    at process._tickCallback (internal/process/next_tick.js:47:5)
    at Function.Module.runMain (internal/modules/cjs/loader.js:763:11)
    at Object.<anonymous> (C:\Users\ptarnaud\gitlocal\hivent-events-api\node_modules\@babel\node\lib\_babel-node.js:234:23)
    at Module._compile (internal/modules/cjs/loader.js:707:30)
2019-03-05T16:48:20+01:00 info http://localhost:8080
2019-03-05T16:48:32+01:00 debug http://localhost:8080
